app/build/intermediates/manifest_merge_blame_file/debug/manifest-merger-blame-debug-report.txt
1<?xml version="1.0" encoding="utf-8"?>
2<manifest xmlns:android="http://schemas.android.com/apk/res/android"
3    package="com.example.defeatthetroll"
4    android:versionCode="1"
5    android:versionName="1.0" >
6
7    <uses-sdk
8        android:minSdkVersion="28"
8-->src/main/AndroidManifest.xml
9        android:targetSdkVersion="29" />
9-->src/main/AndroidManifest.xml
10
11    <uses-permission android:name="android.permission.INTERNET" />
11-->src/main/AndroidManifest.xml:5:5-67
11-->src/main/AndroidManifest.xml:5:22-64
12
13    <application
13-->src/main/AndroidManifest.xml:7:5-33:19
14        android:allowBackup="true"
14-->src/main/AndroidManifest.xml:8:9-35
15        android:appComponentFactory="androidx.core.app.CoreComponentFactory"
15-->[androidx.core:core:1.3.0] AndroidManifest.xml:24:18-86
16        android:debuggable="true"
17        android:extractNativeLibs="false"
18        android:icon="@mipmap/ic_launcher"
18-->src/main/AndroidManifest.xml:9:9-43
19        android:label="@string/app_name"
19-->src/main/AndroidManifest.xml:10:9-41
20        android:roundIcon="@mipmap/ic_launcher_round"
20-->src/main/AndroidManifest.xml:11:9-54
21        android:supportsRtl="true"
21-->src/main/AndroidManifest.xml:12:9-35
22        android:testOnly="true"
23        android:theme="@style/AppTheme" >
23-->src/main/AndroidManifest.xml:13:9-40
24        <activity android:name="com.example.defeatthetroll.Art" />
24-->src/main/AndroidManifest.xml:14:9-50
24-->src/main/AndroidManifest.xml:14:19-38
25        <activity android:name="com.example.defeatthetroll.Login" />
25-->src/main/AndroidManifest.xml:15:9-43
25-->src/main/AndroidManifest.xml:15:19-40
26        <activity android:name="com.example.defeatthetroll.ViewFeedback" />
26-->src/main/AndroidManifest.xml:16:9-50
26-->src/main/AndroidManifest.xml:16:19-47
27        <activity android:name="com.example.defeatthetroll.SettingsActivity" />
27-->src/main/AndroidManifest.xml:17:9-54
27-->src/main/AndroidManifest.xml:17:19-51
28        <activity android:name="com.example.defeatthetroll.LoveProfile" />
28-->src/main/AndroidManifest.xml:18:9-49
28-->src/main/AndroidManifest.xml:18:19-46
29        <activity android:name="com.example.defeatthetroll.Love" />
29-->src/main/AndroidManifest.xml:19:9-42
29-->src/main/AndroidManifest.xml:19:19-39
30        <activity android:name="com.example.defeatthetroll.QuestChoice" />
30-->src/main/AndroidManifest.xml:20:9-49
30-->src/main/AndroidManifest.xml:20:19-46
31        <activity android:name="com.example.defeatthetroll.data.Choice" />
31-->src/main/AndroidManifest.xml:21:9-49
31-->src/main/AndroidManifest.xml:21:19-46
32        <activity android:name="com.example.defeatthetroll.Quest" />
32-->src/main/AndroidManifest.xml:22:9-43
32-->src/main/AndroidManifest.xml:22:19-40
33        <activity android:name="com.example.defeatthetroll.Axe" />
33-->src/main/AndroidManifest.xml:23:9-41
33-->src/main/AndroidManifest.xml:23:19-38
34        <activity android:name="com.example.defeatthetroll.End" />
34-->src/main/AndroidManifest.xml:24:9-41
34-->src/main/AndroidManifest.xml:24:19-38
35        <activity android:name="com.example.defeatthetroll.Memes" />
35-->src/main/AndroidManifest.xml:25:9-43
35-->src/main/AndroidManifest.xml:25:19-40
36        <activity android:name="com.example.defeatthetroll.MainActivity" >
36-->src/main/AndroidManifest.xml:26:9-32:20
36-->src/main/AndroidManifest.xml:26:19-47
37            <intent-filter>
37-->src/main/AndroidManifest.xml:27:13-31:29
38                <action android:name="android.intent.action.MAIN" />
38-->src/main/AndroidManifest.xml:28:17-69
38-->src/main/AndroidManifest.xml:28:25-66
39
40                <category android:name="android.intent.category.LAUNCHER" />
40-->src/main/AndroidManifest.xml:30:17-77
40-->src/main/AndroidManifest.xml:30:27-74
41            </intent-filter>
42        </activity>
43    </application>
44
45</manifest>